1650029876450	geckodriver	INFO	Listening on 127.0.0.1:55465
1650029877496	mozrunner::runner	INFO	Running command: "/usr/bin/firefox" "--marionette" "-headless" "-no-remote" "-profile" "/tmp/rust_mozprofileQxuS2F"
*** You are running in headless mode.
1650029877999	Marionette	INFO	Marionette enabled
[GFX1-]: RenderCompositorSWGL failed mapping default framebuffer, no dt
console.warn: SearchSettings: "get: No settings file exists, new profile?" (new NotFoundError("Could not open the file at /tmp/rust_mozprofileQxuS2F/search.json.mozlz4", (void 0)))
1650029879653	Marionette	INFO	Listening on port 35933
Read port: 35933
1650029879717	RemoteAgent	WARN	TLS certificate errors will be ignored for this session
console.warn: LoginRecipes: "getRecipes: falling back to a synchronous message for:" "https://www.raize.pt"
console.warn: LoginRecipes: "getRecipes: falling back to a synchronous message for:" "https://www.raize.pt"
JavaScript error: resource://gre/modules/LoginManagerParent.jsm, line 136: TypeError: gRecipeManager is null
console.warn: LoginRecipes: "getRecipes: falling back to a synchronous message for:" "https://www.raize.pt"
JavaScript error: resource://gre/modules/LoginManagerParent.jsm, line 136: TypeError: gRecipeManager is null
JavaScript error: resource://gre/modules/XULStore.jsm, line 66: Error: Can't find profile directory.
JavaScript error: resource://gre/modules/XULStore.jsm, line 66: Error: Can't find profile directory.

(firefox:7155): GLib-GObject-CRITICAL **: 14:38:41.609: g_object_get: assertion 'G_IS_OBJECT (object)' failed
1650029931139	Marionette	INFO	Stopped listening on port 35933

###!!! [Parent][PImageBridgeParent] Error: RunMessage(msgname=PImageBridge::Msg_WillClose) Channel closing: too late to send/recv, messages will be lost

1650106049452	geckodriver	INFO	Listening on 127.0.0.1:43951
1650106050462	mozrunner::runner	INFO	Running command: "/usr/bin/firefox" "--marionette" "-headless" "-no-remote" "-profile" "/tmp/rust_mozprofilemM5uUI"
*** You are running in headless mode.
1650106050902	Marionette	INFO	Marionette enabled
[GFX1-]: RenderCompositorSWGL failed mapping default framebuffer, no dt
console.warn: SearchSettings: "get: No settings file exists, new profile?" (new NotFoundError("Could not open the file at /tmp/rust_mozprofilemM5uUI/search.json.mozlz4", (void 0)))
1650106052153	Marionette	INFO	Listening on port 33727
Read port: 33727
1650106052186	RemoteAgent	WARN	TLS certificate errors will be ignored for this session
console.warn: LoginRecipes: "getRecipes: falling back to a synchronous message for:" "https://www.raize.pt"
console.warn: LoginRecipes: "getRecipes: falling back to a synchronous message for:" "https://www.raize.pt"
JavaScript error: resource://gre/modules/LoginManagerParent.jsm, line 136: TypeError: gRecipeManager is null
console.warn: LoginRecipes: "getRecipes: falling back to a synchronous message for:" "https://www.raize.pt"
JavaScript error: resource://gre/modules/LoginManagerParent.jsm, line 136: TypeError: gRecipeManager is null
JavaScript error: resource://gre/modules/XULStore.jsm, line 66: Error: Can't find profile directory.
JavaScript error: resource://gre/modules/XULStore.jsm, line 66: Error: Can't find profile directory.

(firefox:5125): GLib-GObject-CRITICAL **: 11:48:11.711: g_object_get: assertion 'G_IS_OBJECT (object)' failed
1650106101324	Marionette	INFO	Stopped listening on port 33727

###!!! [Parent][PImageBridgeParent] Error: RunMessage(msgname=PImageBridge::Msg_WillClose) Channel closing: too late to send/recv, messages will be lost

1650106126620	geckodriver	INFO	Listening on 127.0.0.1:57479
1650106126654	mozrunner::runner	INFO	Running command: "/usr/bin/firefox" "--marionette" "-headless" "-no-remote" "-profile" "/tmp/rust_mozprofilejpIA95"
*** You are running in headless mode.
1650106126911	Marionette	INFO	Marionette enabled
[GFX1-]: RenderCompositorSWGL failed mapping default framebuffer, no dt
console.warn: SearchSettings: "get: No settings file exists, new profile?" (new NotFoundError("Could not open the file at /tmp/rust_mozprofilejpIA95/search.json.mozlz4", (void 0)))
1650106128313	Marionette	INFO	Listening on port 45093
Read port: 45093
1650106128375	RemoteAgent	WARN	TLS certificate errors will be ignored for this session
console.warn: LoginRecipes: "getRecipes: falling back to a synchronous message for:" "https://www.raize.pt"
console.warn: LoginRecipes: "getRecipes: falling back to a synchronous message for:" "https://www.raize.pt"
JavaScript error: resource://gre/modules/LoginManagerParent.jsm, line 136: TypeError: gRecipeManager is null
console.warn: LoginRecipes: "getRecipes: falling back to a synchronous message for:" "https://www.raize.pt"
JavaScript error: resource://gre/modules/LoginManagerParent.jsm, line 136: TypeError: gRecipeManager is null
JavaScript error: resource://gre/modules/XULStore.jsm, line 66: Error: Can't find profile directory.
JavaScript error: resource://gre/modules/XULStore.jsm, line 66: Error: Can't find profile directory.

(firefox:6039): GLib-GObject-CRITICAL **: 11:49:27.884: g_object_get: assertion 'G_IS_OBJECT (object)' failed
1650106177493	Marionette	INFO	Stopped listening on port 45093

###!!! [Parent][PImageBridgeParent] Error: RunMessage(msgname=PImageBridge::Msg_WillClose) Channel closing: too late to send/recv, messages will be lost

1650106486245	geckodriver	INFO	Listening on 127.0.0.1:42761
1650106486254	mozrunner::runner	INFO	Running command: "/usr/bin/firefox" "--marionette" "-headless" "-no-remote" "-profile" "/tmp/rust_mozprofile2oX2F3"
*** You are running in headless mode.
1650106486509	Marionette	INFO	Marionette enabled
[GFX1-]: RenderCompositorSWGL failed mapping default framebuffer, no dt
console.warn: SearchSettings: "get: No settings file exists, new profile?" (new NotFoundError("Could not open the file at /tmp/rust_mozprofile2oX2F3/search.json.mozlz4", (void 0)))
1650106488161	Marionette	INFO	Listening on port 39129
Exiting due to channel error.
Exiting due to channel error.
Exiting due to channel error.
1650106489583	geckodriver	INFO	Listening on 127.0.0.1:41053
1650106489619	mozrunner::runner	INFO	Running command: "/usr/bin/firefox" "--marionette" "-headless" "-no-remote" "-profile" "/tmp/rust_mozprofilep8sS7t"
*** You are running in headless mode.
1650106489889	Marionette	INFO	Marionette enabled
[GFX1-]: RenderCompositorSWGL failed mapping default framebuffer, no dt
console.warn: SearchSettings: "get: No settings file exists, new profile?" (new NotFoundError("Could not open the file at /tmp/rust_mozprofilep8sS7t/search.json.mozlz4", (void 0)))
Exiting due to channel error.
Exiting due to channel error.
1650194154056	geckodriver	INFO	Listening on 127.0.0.1:34549
1650194155068	mozrunner::runner	INFO	Running command: "/usr/bin/firefox" "--marionette" "-headless" "-no-remote" "-profile" "/tmp/rust_mozprofile74k8sq"
*** You are running in headless mode.
1650194156774	Marionette	INFO	Marionette enabled
[GFX1-]: RenderCompositorSWGL failed mapping default framebuffer, no dt
console.warn: SearchSettings: "get: No settings file exists, new profile?" (new NotFoundError("Could not open the file at /tmp/rust_mozprofile74k8sq/search.json.mozlz4", (void 0)))
1650194158440	Marionette	INFO	Listening on port 46245
Read port: 46245
1650194158495	RemoteAgent	WARN	TLS certificate errors will be ignored for this session
console.warn: LoginRecipes: "getRecipes: falling back to a synchronous message for:" "https://www.raize.pt"
console.warn: LoginRecipes: "getRecipes: falling back to a synchronous message for:" "https://www.raize.pt"
JavaScript error: resource://gre/modules/LoginManagerParent.jsm, line 136: TypeError: gRecipeManager is null
console.warn: LoginRecipes: "getRecipes: falling back to a synchronous message for:" "https://www.raize.pt"
JavaScript error: resource://gre/modules/LoginManagerParent.jsm, line 136: TypeError: gRecipeManager is null
JavaScript error: resource://gre/modules/XULStore.jsm, line 66: Error: Can't find profile directory.
JavaScript error: resource://gre/modules/XULStore.jsm, line 66: Error: Can't find profile directory.

(firefox:5392): GLib-GObject-CRITICAL **: 12:16:37.512: g_object_get: assertion 'G_IS_OBJECT (object)' failed
1650194207182	Marionette	INFO	Stopped listening on port 46245

###!!! [Parent][PImageBridgeParent] Error: RunMessage(msgname=PImageBridge::Msg_WillClose) Channel closing: too late to send/recv, messages will be lost

1650194634419	geckodriver	INFO	Listening on 127.0.0.1:34871
1650194634428	mozrunner::runner	INFO	Running command: "/usr/bin/firefox" "--marionette" "-no-remote" "-profile" "/tmp/rust_mozprofilef5WADo"
1650194635033	Marionette	INFO	Marionette enabled
console.warn: SearchSettings: "get: No settings file exists, new profile?" (new NotFoundError("Could not open the file at /tmp/rust_mozprofilef5WADo/search.json.mozlz4", (void 0)))
1650194636470	Marionette	INFO	Listening on port 33131
Read port: 33131
1650194636548	RemoteAgent	WARN	TLS certificate errors will be ignored for this session
console.warn: LoginRecipes: "getRecipes: falling back to a synchronous message for:" "https://www.raize.pt"
console.warn: LoginRecipes: "getRecipes: falling back to a synchronous message for:" "https://www.raize.pt"
JavaScript error: resource://gre/modules/LoginManagerParent.jsm, line 136: TypeError: gRecipeManager is null
console.warn: LoginRecipes: "getRecipes: falling back to a synchronous message for:" "https://www.raize.pt"
JavaScript error: resource://gre/modules/LoginManagerParent.jsm, line 136: TypeError: gRecipeManager is null
JavaScript error: resource://gre/modules/XULStore.jsm, line 66: Error: Can't find profile directory.
JavaScript error: resource://gre/modules/XULStore.jsm, line 66: Error: Can't find profile directory.
1650194685652	Marionette	INFO	Stopped listening on port 33131

###!!! [Parent][PImageBridgeParent] Error: RunMessage(msgname=PImageBridge::Msg_WillClose) Channel closing: too late to send/recv, messages will be lost

1650308063559	geckodriver	INFO	Listening on 127.0.0.1:40133
1650308064569	mozrunner::runner	INFO	Running command: "/usr/bin/firefox" "--marionette" "-headless" "-no-remote" "-profile" "/tmp/rust_mozprofileRDDx5X"
*** You are running in headless mode.
1650308065014	Marionette	INFO	Marionette enabled
[GFX1-]: RenderCompositorSWGL failed mapping default framebuffer, no dt
console.warn: SearchSettings: "get: No settings file exists, new profile?" (new NotFoundError("Could not open the file at /tmp/rust_mozprofileRDDx5X/search.json.mozlz4", (void 0)))
1650308066252	Marionette	INFO	Listening on port 43217
Read port: 43217
1650308066300	RemoteAgent	WARN	TLS certificate errors will be ignored for this session
console.warn: LoginRecipes: "getRecipes: falling back to a synchronous message for:" "https://www.raize.pt"
console.warn: LoginRecipes: "getRecipes: falling back to a synchronous message for:" "https://www.raize.pt"
JavaScript error: resource://gre/modules/LoginManagerParent.jsm, line 136: TypeError: gRecipeManager is null
console.warn: LoginRecipes: "getRecipes: falling back to a synchronous message for:" "https://www.raize.pt"
JavaScript error: resource://gre/modules/LoginManagerParent.jsm, line 136: TypeError: gRecipeManager is null
JavaScript error: resource://gre/modules/XULStore.jsm, line 66: Error: Can't find profile directory.
JavaScript error: resource://gre/modules/XULStore.jsm, line 66: Error: Can't find profile directory.

(firefox:4878): GLib-GObject-CRITICAL **: 19:55:06.557: g_object_get: assertion 'G_IS_OBJECT (object)' failed
1650308116088	Marionette	INFO	Stopped listening on port 43217

###!!! [Parent][PImageBridgeParent] Error: RunMessage(msgname=PImageBridge::Msg_WillClose) Channel closing: too late to send/recv, messages will be lost

1650391210284	geckodriver	INFO	Listening on 127.0.0.1:56609
1650391211294	mozrunner::runner	INFO	Running command: "/usr/bin/firefox" "--marionette" "-headless" "-no-remote" "-profile" "/tmp/rust_mozprofileVyK5EQ"
*** You are running in headless mode.
1650391211830	Marionette	INFO	Marionette enabled
[GFX1-]: RenderCompositorSWGL failed mapping default framebuffer, no dt
console.warn: SearchSettings: "get: No settings file exists, new profile?" (new NotFoundError("Could not open the file at /tmp/rust_mozprofileVyK5EQ/search.json.mozlz4", (void 0)))
1650391213507	Marionette	INFO	Listening on port 42147
Read port: 42147
1650391213615	RemoteAgent	WARN	TLS certificate errors will be ignored for this session
console.warn: LoginRecipes: "getRecipes: falling back to a synchronous message for:" "https://www.raize.pt"
console.warn: LoginRecipes: "getRecipes: falling back to a synchronous message for:" "https://www.raize.pt"
JavaScript error: resource://gre/modules/LoginManagerParent.jsm, line 136: TypeError: gRecipeManager is null
console.warn: LoginRecipes: "getRecipes: falling back to a synchronous message for:" "https://www.raize.pt"
JavaScript error: resource://gre/modules/LoginManagerParent.jsm, line 136: TypeError: gRecipeManager is null
JavaScript error: resource://gre/modules/XULStore.jsm, line 66: Error: Can't find profile directory.
JavaScript error: resource://gre/modules/XULStore.jsm, line 66: Error: Can't find profile directory.

(firefox:4688): GLib-GObject-CRITICAL **: 19:01:07.127: g_object_get: assertion 'G_IS_OBJECT (object)' failed
1650391276564	Marionette	INFO	Stopped listening on port 42147

###!!! [Parent][PImageBridgeParent] Error: RunMessage(msgname=PImageBridge::Msg_WillClose) Channel closing: too late to send/recv, messages will be lost

1650540900433	geckodriver	INFO	Listening on 127.0.0.1:56899
1650540901439	mozrunner::runner	INFO	Running command: "/usr/bin/firefox" "--marionette" "-headless" "-no-remote" "-profile" "/tmp/rust_mozprofileNyoQkL"
*** You are running in headless mode.
1650540901823	Marionette	INFO	Marionette enabled
[GFX1-]: RenderCompositorSWGL failed mapping default framebuffer, no dt
console.warn: SearchSettings: "get: No settings file exists, new profile?" (new NotFoundError("Could not open the file at /tmp/rust_mozprofileNyoQkL/search.json.mozlz4", (void 0)))
1650540903622	Marionette	INFO	Listening on port 34843
Read port: 34843
1650540903708	RemoteAgent	WARN	TLS certificate errors will be ignored for this session
console.warn: LoginRecipes: "getRecipes: falling back to a synchronous message for:" "https://www.raize.pt"
console.warn: LoginRecipes: "getRecipes: falling back to a synchronous message for:" "https://www.raize.pt"
JavaScript error: resource://gre/modules/LoginManagerParent.jsm, line 136: TypeError: gRecipeManager is null
console.warn: LoginRecipes: "getRecipes: falling back to a synchronous message for:" "https://www.raize.pt"
JavaScript error: resource://gre/modules/LoginManagerParent.jsm, line 136: TypeError: gRecipeManager is null
JavaScript error: resource://gre/modules/XULStore.jsm, line 66: Error: Can't find profile directory.
JavaScript error: resource://gre/modules/XULStore.jsm, line 66: Error: Can't find profile directory.

(firefox:5628): GLib-GObject-CRITICAL **: 12:35:43.716: g_object_get: assertion 'G_IS_OBJECT (object)' failed
1650540953177	Marionette	INFO	Stopped listening on port 34843

###!!! [Parent][PImageBridgeParent] Error: RunMessage(msgname=PImageBridge::Msg_WillClose) Channel closing: too late to send/recv, messages will be lost

1650541061725	geckodriver	INFO	Listening on 127.0.0.1:39263
1650541061764	mozrunner::runner	INFO	Running command: "/usr/bin/firefox" "--marionette" "-headless" "-no-remote" "-profile" "/tmp/rust_mozprofilegvpziM"
*** You are running in headless mode.
1650541062098	Marionette	INFO	Marionette enabled
[GFX1-]: RenderCompositorSWGL failed mapping default framebuffer, no dt
console.warn: SearchSettings: "get: No settings file exists, new profile?" (new NotFoundError("Could not open the file at /tmp/rust_mozprofilegvpziM/search.json.mozlz4", (void 0)))
1650541063910	Marionette	INFO	Listening on port 43177
Read port: 43177
1650541063991	RemoteAgent	WARN	TLS certificate errors will be ignored for this session
console.warn: LoginRecipes: "getRecipes: falling back to a synchronous message for:" "https://www.raize.pt"
console.warn: LoginRecipes: "getRecipes: falling back to a synchronous message for:" "https://www.raize.pt"
JavaScript error: resource://gre/modules/LoginManagerParent.jsm, line 136: TypeError: gRecipeManager is null
console.warn: LoginRecipes: "getRecipes: falling back to a synchronous message for:" "https://www.raize.pt"
JavaScript error: resource://gre/modules/LoginManagerParent.jsm, line 136: TypeError: gRecipeManager is null
JavaScript error: resource://gre/modules/XULStore.jsm, line 66: Error: Can't find profile directory.
JavaScript error: resource://gre/modules/XULStore.jsm, line 66: Error: Can't find profile directory.

(firefox:6376): GLib-GObject-CRITICAL **: 12:38:23.877: g_object_get: assertion 'G_IS_OBJECT (object)' failed
1650541113436	Marionette	INFO	Stopped listening on port 43177

###!!! [Parent][PImageBridgeParent] Error: RunMessage(msgname=PImageBridge::Msg_WillClose) Channel closing: too late to send/recv, messages will be lost

1650541225794	geckodriver	INFO	Listening on 127.0.0.1:37415
1650541225808	mozrunner::runner	INFO	Running command: "/usr/bin/firefox" "--marionette" "-headless" "-no-remote" "-profile" "/tmp/rust_mozprofilecpBXtV"
*** You are running in headless mode.
1650541226150	Marionette	INFO	Marionette enabled
[GFX1-]: RenderCompositorSWGL failed mapping default framebuffer, no dt
console.warn: SearchSettings: "get: No settings file exists, new profile?" (new NotFoundError("Could not open the file at /tmp/rust_mozprofilecpBXtV/search.json.mozlz4", (void 0)))
1650541228025	Marionette	INFO	Listening on port 35027
Read port: 35027
1650541228156	RemoteAgent	WARN	TLS certificate errors will be ignored for this session
console.warn: LoginRecipes: "getRecipes: falling back to a synchronous message for:" "https://www.raize.pt"
console.warn: LoginRecipes: "getRecipes: falling back to a synchronous message for:" "https://www.raize.pt"
JavaScript error: resource://gre/modules/LoginManagerParent.jsm, line 136: TypeError: gRecipeManager is null
console.warn: LoginRecipes: "getRecipes: falling back to a synchronous message for:" "https://www.raize.pt"
JavaScript error: resource://gre/modules/LoginManagerParent.jsm, line 136: TypeError: gRecipeManager is null
JavaScript error: resource://gre/modules/XULStore.jsm, line 66: Error: Can't find profile directory.
JavaScript error: resource://gre/modules/XULStore.jsm, line 66: Error: Can't find profile directory.

(firefox:7172): GLib-GObject-CRITICAL **: 12:41:08.913: g_object_get: assertion 'G_IS_OBJECT (object)' failed
1650541278422	Marionette	INFO	Stopped listening on port 35027

###!!! [Parent][PImageBridgeParent] Error: RunMessage(msgname=PImageBridge::Msg_WillClose) Channel closing: too late to send/recv, messages will be lost

